{"contracts\\BloodUnit.sol":{"l":{"22":2,"29":2,"33":1},"path":"C:\\Users\\PFI\\Desktop\\BloodChain\\blockchain\\contracts\\BloodUnit.sol","s":{"1":2,"2":1},"b":{},"f":{"1":2,"2":1},"fnMap":{"1":{"name":"registerBag","line":21,"loc":{"start":{"line":21,"column":4},"end":{"line":30,"column":4}}},"2":{"name":"getBag","line":32,"loc":{"start":{"line":32,"column":4},"end":{"line":34,"column":4}}}},"statementMap":{"1":{"start":{"line":29,"column":8},"end":{"line":29,"column":74}},"2":{"start":{"line":33,"column":8},"end":{"line":33,"column":26}}},"branchMap":{}},"contracts\\Rewards.sol":{"l":{"11":4,"15":3,"16":2,"17":2,"21":1},"path":"C:\\Users\\PFI\\Desktop\\BloodChain\\blockchain\\contracts\\Rewards.sol","s":{"1":3,"2":2,"3":1},"b":{"1":[2,1]},"f":{"1":4,"2":3,"3":1},"fnMap":{"1":{"name":"constructor","line":10,"loc":{"start":{"line":10,"column":4},"end":{"line":12,"column":4}}},"2":{"name":"mintReward","line":14,"loc":{"start":{"line":14,"column":4},"end":{"line":18,"column":4}}},"3":{"name":"getBalance","line":20,"loc":{"start":{"line":20,"column":4},"end":{"line":22,"column":4}}}},"statementMap":{"1":{"start":{"line":15,"column":8},"end":{"line":15,"column":53}},"2":{"start":{"line":17,"column":8},"end":{"line":17,"column":51}},"3":{"start":{"line":21,"column":8},"end":{"line":21,"column":32}}},"branchMap":{"1":{"line":15,"type":"if","locations":[{"start":{"line":15,"column":8},"end":{"line":15,"column":8}},{"start":{"line":15,"column":8},"end":{"line":15,"column":8}}]}}}}